<?xml version="1.0" encoding="UTF-8"?>
<TestRun id="6f17da24-9c58-4557-a5cc-383c7f02393b" name="Rafal@L418-RA01 2011-04-18 17:27:24" runUser="L418-RA01\Rafal" xmlns="http://microsoft.com/schemas/VisualStudio/TeamTest/2010">
  <TestSettings name="Local" id="c51b5d76-80b6-496e-afdc-cb380236e036">
    <Description>These are default test settings for a local test run.</Description>
    <Deployment enabled="false" runDeploymentRoot="Rafal_L418-RA01 2011-04-18 17_27_24">
      <DeploymentItem filename="C:\home\aei\BD2-proj\demo\framwrk\BL\bin\Debug\BL.dll" />
      <DeploymentItem filename="C:\home\aei\BD2-proj\demo\framwrk\DAC\bin\Debug\DAC.dll" />
    </Deployment>
    <Execution>
      <TestTypeSpecific />
      <AgentRule name="Execution Agents">
      </AgentRule>
    </Execution>
  </TestSettings>
  <Times creation="2011-04-18T17:27:24.1770197+02:00" queuing="2011-04-18T17:27:27.4522071+02:00" start="2011-04-18T17:27:27.7512242+02:00" finish="2011-04-18T17:28:00.2370823+02:00" />
  <ResultSummary outcome="Error">
    <Counters total="1" executed="1" error="0" failed="0" timeout="0" aborted="1" inconclusive="0" passedButRunAborted="0" notRunnable="0" notExecuted="0" disconnected="0" warning="0" passed="0" completed="0" inProgress="0" pending="0" />
    <RunInfos>
      <RunInfo computerName="L418-RA01" outcome="Error" timestamp="2011-04-18T17:28:00.2350821+02:00">
        <Text>Test host process exited unexpectedly.</Text>
      </RunInfo>
    </RunInfos>
  </ResultSummary>
  <TestDefinitions>
    <UnitTest name="GetElementTest" storage="c:\home\aei\bd2-proj\demo\framwrk\bltest\bin\debug\bltest.dll" id="261693b5-4725-9a25-4fc1-3b269a1ee382">
      <Execution id="fd445693-e7fa-4669-9f57-f0232f9fb506" />
      <TestMethod codeBase="C:/home/aei/BD2-proj/demo/framwrk/BLTest/bin/Debug/BLTest.DLL" adapterTypeName="Microsoft.VisualStudio.TestTools.TestTypes.Unit.UnitTestAdapter, Microsoft.VisualStudio.QualityTools.Tips.UnitTest.Adapter, Version=10.0.0.0, Culture=neutral, PublicKeyToken=b03f5f7f11d50a3a" className="BLTest.TblUpdTest, BLTest, Version=1.0.0.0, Culture=neutral, PublicKeyToken=null" name="GetElementTest" />
    </UnitTest>
  </TestDefinitions>
  <TestLists>
    <TestList name="Results Not in a List" id="8c84fa94-04c1-424b-9868-57a2d4851a1d" />
    <TestList name="All Loaded Results" id="19431567-8539-422a-85d7-44ee4e166bda" />
  </TestLists>
  <TestEntries>
    <TestEntry testId="261693b5-4725-9a25-4fc1-3b269a1ee382" executionId="fd445693-e7fa-4669-9f57-f0232f9fb506" testListId="8c84fa94-04c1-424b-9868-57a2d4851a1d" />
  </TestEntries>
  <Results>
    <UnitTestResult executionId="fd445693-e7fa-4669-9f57-f0232f9fb506" testId="261693b5-4725-9a25-4fc1-3b269a1ee382" testName="GetElementTest" computerName="L418-RA01" duration="00:00:32.1388383" startTime="2011-04-18T17:27:28.0982440+02:00" endTime="2011-04-18T17:28:00.2370823+02:00" testType="13cdc9d9-ddb5-4fa4-a97d-d965ccfc6d4b" outcome="Aborted" testListId="8c84fa94-04c1-424b-9868-57a2d4851a1d" relativeResultsDirectory="fd445693-e7fa-4669-9f57-f0232f9fb506">
    </UnitTestResult>
  </Results>
</TestRun>