<?xml version="1.0" encoding="UTF-8"?>
<TestRun id="583f42eb-c851-45d3-bb26-1534485fc8b4" name="Rafal@L418-RA01 2012-12-10 18:23:10" runUser="L418-RA01\Rafal" xmlns="http://microsoft.com/schemas/VisualStudio/TeamTest/2010">
  <TestSettings name="Local" id="f994a347-0513-4865-be5a-2e7bb4ccde2f">
    <Description>These are default test settings for a local test run.</Description>
    <Deployment enabled="false" runDeploymentRoot="Rafal_L418-RA01 2012-12-10 18_23_10">
      <DeploymentItem filename="C:\home\aei\BD1-rybnik\linq\WFAlinqProj\BizLay\bin\Debug\BizLay.dll" />
      <DeploymentItem filename="C:\home\aei\BD1-rybnik\linq\WFAlinqProj\DataLay\bin\Debug\DataLay.dll" />
    </Deployment>
    <Execution>
      <TestTypeSpecific />
      <AgentRule name="Execution Agents">
      </AgentRule>
    </Execution>
  </TestSettings>
  <Times creation="2012-12-10T18:23:10.1564568+01:00" queuing="2012-12-10T18:23:10.1684574+01:00" start="2012-12-10T18:23:10.1944589+01:00" finish="2012-12-10T18:23:10.5284780+01:00" />
  <ResultSummary outcome="Failed">
    <Counters total="1" executed="1" error="0" failed="1" timeout="0" aborted="0" inconclusive="0" passedButRunAborted="0" notRunnable="0" notExecuted="0" disconnected="0" warning="0" passed="0" completed="0" inProgress="0" pending="0" />
  </ResultSummary>
  <TestDefinitions>
    <UnitTest name="TestMethod1" storage="c:\home\aei\bd1-rybnik\linq\wfalinqproj\testproject1\bin\debug\testproject1.dll" id="59863143-3238-122e-4d8a-637b491cc755">
      <Execution id="f4bc952c-539a-44cd-80e2-b271463c1389" />
      <TestMethod codeBase="C:/home/aei/BD1-rybnik/linq/WFAlinqProj/TestProject1/bin/Debug/TestProject1.DLL" adapterTypeName="Microsoft.VisualStudio.TestTools.TestTypes.Unit.UnitTestAdapter, Microsoft.VisualStudio.QualityTools.Tips.UnitTest.Adapter, Version=10.0.0.0, Culture=neutral, PublicKeyToken=b03f5f7f11d50a3a" className="TestProject1.UnitTest1, TestProject1, Version=1.0.0.0, Culture=neutral, PublicKeyToken=null" name="TestMethod1" />
    </UnitTest>
  </TestDefinitions>
  <TestLists>
    <TestList name="Results Not in a List" id="8c84fa94-04c1-424b-9868-57a2d4851a1d" />
    <TestList name="All Loaded Results" id="19431567-8539-422a-85d7-44ee4e166bda" />
  </TestLists>
  <TestEntries>
    <TestEntry testId="59863143-3238-122e-4d8a-637b491cc755" executionId="f4bc952c-539a-44cd-80e2-b271463c1389" testListId="8c84fa94-04c1-424b-9868-57a2d4851a1d" />
  </TestEntries>
  <Results>
    <UnitTestResult executionId="f4bc952c-539a-44cd-80e2-b271463c1389" testId="59863143-3238-122e-4d8a-637b491cc755" testName="TestMethod1" computerName="L418-RA01" duration="00:00:00.0988985" startTime="2012-12-10T18:23:10.1954590+01:00" endTime="2012-12-10T18:23:10.5044767+01:00" testType="13cdc9d9-ddb5-4fa4-a97d-d965ccfc6d4b" outcome="Failed" testListId="8c84fa94-04c1-424b-9868-57a2d4851a1d" relativeResultsDirectory="f4bc952c-539a-44cd-80e2-b271463c1389">
      <Output>
        <ErrorInfo>
          <Message>Assert.AreEqual failed. Expected:&lt;1&gt;. Actual:&lt;5&gt;.  jest źle</Message>
          <StackTrace>   at TestProject1.UnitTest1.TestMethod1() in C:\home\aei\BD1-rybnik\linq\WFAlinqProj\TestProject1\UnitTest1.cs:line 19
</StackTrace>
        </ErrorInfo>
      </Output>
    </UnitTestResult>
  </Results>
</TestRun>