<?xml version="1.0" encoding="UTF-8"?>
<TestRun id="1d0eee22-233b-4058-812c-bca964cc7870" name="Rafal@L418-RA01 2013-04-12 15:05:33" runUser="L418-RA01\Rafal" xmlns="http://microsoft.com/schemas/VisualStudio/TeamTest/2010">
  <TestSettings name="Local" id="f994a347-0513-4865-be5a-2e7bb4ccde2f">
    <Description>These are default test settings for a local test run.</Description>
    <Deployment enabled="false" runDeploymentRoot="Rafal_L418-RA01 2013-04-12 15_05_33">
      <DeploymentItem filename="C:\home\aei\BD1-rybnik\linq\WFAlinqProj\BizLay\bin\Debug\BizLay.dll" />
      <DeploymentItem filename="C:\home\aei\BD1-rybnik\linq\WFAlinqProj\DataLay\bin\Debug\DataLay.dll" />
    </Deployment>
    <Execution>
      <TestTypeSpecific />
      <AgentRule name="Execution Agents">
      </AgentRule>
    </Execution>
  </TestSettings>
  <Times creation="2013-04-12T15:05:33.3243303+02:00" queuing="2013-04-12T15:05:33.3673327+02:00" start="2013-04-12T15:05:33.3943343+02:00" finish="2013-04-12T15:05:33.7103524+02:00" />
  <ResultSummary outcome="Completed">
    <Counters total="2" executed="2" passed="2" error="0" failed="0" timeout="0" aborted="0" inconclusive="0" passedButRunAborted="0" notRunnable="0" notExecuted="0" disconnected="0" warning="0" completed="0" inProgress="0" pending="0" />
  </ResultSummary>
  <TestDefinitions>
    <UnitTest name="TestMethod1" storage="c:\home\aei\bd1-rybnik\linq\wfalinqproj\testproject1\bin\debug\testproject1.dll" id="59863143-3238-122e-4d8a-637b491cc755">
      <Execution id="ebaa5ab0-ce09-45d2-b625-213b6fefd676" />
      <TestMethod codeBase="C:/home/aei/BD1-rybnik/linq/WFAlinqProj/TestProject1/bin/Debug/TestProject1.DLL" adapterTypeName="Microsoft.VisualStudio.TestTools.TestTypes.Unit.UnitTestAdapter, Microsoft.VisualStudio.QualityTools.Tips.UnitTest.Adapter, Version=10.0.0.0, Culture=neutral, PublicKeyToken=b03f5f7f11d50a3a" className="TestProject1.UnitTest1, TestProject1, Version=1.0.0.0, Culture=neutral, PublicKeyToken=null" name="TestMethod1" />
    </UnitTest>
    <UnitTest name="TestMethod2" storage="c:\home\aei\bd1-rybnik\linq\wfalinqproj\testproject1\bin\debug\testproject1.dll" id="9381223e-8095-9777-a0c7-26043045171c">
      <Execution id="00f34a14-a196-49ac-9f40-a2d14801ea06" />
      <TestMethod codeBase="C:/home/aei/BD1-rybnik/linq/WFAlinqProj/TestProject1/bin/Debug/TestProject1.DLL" adapterTypeName="Microsoft.VisualStudio.TestTools.TestTypes.Unit.UnitTestAdapter, Microsoft.VisualStudio.QualityTools.Tips.UnitTest.Adapter, Version=10.0.0.0, Culture=neutral, PublicKeyToken=b03f5f7f11d50a3a" className="TestProject1.UnitTest1, TestProject1, Version=1.0.0.0, Culture=neutral, PublicKeyToken=null" name="TestMethod2" />
    </UnitTest>
  </TestDefinitions>
  <TestLists>
    <TestList name="Results Not in a List" id="8c84fa94-04c1-424b-9868-57a2d4851a1d" />
    <TestList name="All Loaded Results" id="19431567-8539-422a-85d7-44ee4e166bda" />
  </TestLists>
  <TestEntries>
    <TestEntry testId="59863143-3238-122e-4d8a-637b491cc755" executionId="ebaa5ab0-ce09-45d2-b625-213b6fefd676" testListId="8c84fa94-04c1-424b-9868-57a2d4851a1d" />
    <TestEntry testId="9381223e-8095-9777-a0c7-26043045171c" executionId="00f34a14-a196-49ac-9f40-a2d14801ea06" testListId="8c84fa94-04c1-424b-9868-57a2d4851a1d" />
  </TestEntries>
  <Results>
    <UnitTestResult executionId="ebaa5ab0-ce09-45d2-b625-213b6fefd676" testId="59863143-3238-122e-4d8a-637b491cc755" testName="TestMethod1" computerName="L418-RA01" duration="00:00:00.0467024" startTime="2013-04-12T15:05:33.4133354+02:00" endTime="2013-04-12T15:05:33.6803506+02:00" testType="13cdc9d9-ddb5-4fa4-a97d-d965ccfc6d4b" outcome="Passed" testListId="8c84fa94-04c1-424b-9868-57a2d4851a1d" relativeResultsDirectory="ebaa5ab0-ce09-45d2-b625-213b6fefd676">
    </UnitTestResult>
    <UnitTestResult executionId="00f34a14-a196-49ac-9f40-a2d14801ea06" testId="9381223e-8095-9777-a0c7-26043045171c" testName="TestMethod2" computerName="L418-RA01" duration="00:00:00.0001558" startTime="2013-04-12T15:05:33.6843509+02:00" endTime="2013-04-12T15:05:33.6883511+02:00" testType="13cdc9d9-ddb5-4fa4-a97d-d965ccfc6d4b" outcome="Passed" testListId="8c84fa94-04c1-424b-9868-57a2d4851a1d" relativeResultsDirectory="00f34a14-a196-49ac-9f40-a2d14801ea06">
    </UnitTestResult>
  </Results>
</TestRun>