<?xml version="1.0" encoding="UTF-8"?>
<TestRun id="745f5a9d-a764-4077-b46a-6b42ead35448" name="Rafal@L418-RA01 2013-03-21 17:18:29" runUser="L418-RA01\Rafal" xmlns="http://microsoft.com/schemas/VisualStudio/TeamTest/2010">
  <TestSettings name="Local" id="f994a347-0513-4865-be5a-2e7bb4ccde2f">
    <Description>These are default test settings for a local test run.</Description>
    <Deployment enabled="false" runDeploymentRoot="Rafal_L418-RA01 2013-03-21 17_18_29">
      <DeploymentItem filename="C:\home\aei\BD1-rybnik\linq\WFAlinqProj\BizLay\bin\Debug\BizLay.dll" />
      <DeploymentItem filename="C:\home\aei\BD1-rybnik\linq\WFAlinqProj\DataLay\bin\Debug\DataLay.dll" />
    </Deployment>
    <Execution>
      <TestTypeSpecific />
      <AgentRule name="Execution Agents">
      </AgentRule>
    </Execution>
  </TestSettings>
  <Times creation="2013-03-21T17:18:29.4408078+01:00" queuing="2013-03-21T17:18:36.7472257+01:00" start="2013-03-21T17:18:36.9952399+01:00" finish="2013-03-21T17:18:41.1144755+01:00" />
  <ResultSummary outcome="Completed">
    <Counters total="2" executed="2" passed="2" error="0" failed="0" timeout="0" aborted="0" inconclusive="0" passedButRunAborted="0" notRunnable="0" notExecuted="0" disconnected="0" warning="0" completed="0" inProgress="0" pending="0" />
  </ResultSummary>
  <TestDefinitions>
    <UnitTest name="TestMethod1" storage="c:\home\aei\bd1-rybnik\linq\wfalinqproj\testproject1\bin\debug\testproject1.dll" id="59863143-3238-122e-4d8a-637b491cc755">
      <Execution id="7bf64162-7cd3-4e21-ad6b-7d94c1df7333" />
      <TestMethod codeBase="C:/home/aei/BD1-rybnik/linq/WFAlinqProj/TestProject1/bin/Debug/TestProject1.DLL" adapterTypeName="Microsoft.VisualStudio.TestTools.TestTypes.Unit.UnitTestAdapter, Microsoft.VisualStudio.QualityTools.Tips.UnitTest.Adapter, Version=10.0.0.0, Culture=neutral, PublicKeyToken=b03f5f7f11d50a3a" className="TestProject1.UnitTest1, TestProject1, Version=1.0.0.0, Culture=neutral, PublicKeyToken=null" name="TestMethod1" />
    </UnitTest>
    <UnitTest name="TestMethod2" storage="c:\home\aei\bd1-rybnik\linq\wfalinqproj\testproject1\bin\debug\testproject1.dll" id="9381223e-8095-9777-a0c7-26043045171c">
      <Execution id="64704bc0-258d-431e-8630-822376b216ba" />
      <TestMethod codeBase="C:/home/aei/BD1-rybnik/linq/WFAlinqProj/TestProject1/bin/Debug/TestProject1.DLL" adapterTypeName="Microsoft.VisualStudio.TestTools.TestTypes.Unit.UnitTestAdapter, Microsoft.VisualStudio.QualityTools.Tips.UnitTest.Adapter, Version=10.0.0.0, Culture=neutral, PublicKeyToken=b03f5f7f11d50a3a" className="TestProject1.UnitTest1, TestProject1, Version=1.0.0.0, Culture=neutral, PublicKeyToken=null" name="TestMethod2" />
    </UnitTest>
  </TestDefinitions>
  <TestLists>
    <TestList name="Results Not in a List" id="8c84fa94-04c1-424b-9868-57a2d4851a1d" />
    <TestList name="All Loaded Results" id="19431567-8539-422a-85d7-44ee4e166bda" />
  </TestLists>
  <TestEntries>
    <TestEntry testId="59863143-3238-122e-4d8a-637b491cc755" executionId="7bf64162-7cd3-4e21-ad6b-7d94c1df7333" testListId="8c84fa94-04c1-424b-9868-57a2d4851a1d" />
    <TestEntry testId="9381223e-8095-9777-a0c7-26043045171c" executionId="64704bc0-258d-431e-8630-822376b216ba" testListId="8c84fa94-04c1-424b-9868-57a2d4851a1d" />
  </TestEntries>
  <Results>
    <UnitTestResult executionId="7bf64162-7cd3-4e21-ad6b-7d94c1df7333" testId="59863143-3238-122e-4d8a-637b491cc755" testName="TestMethod1" computerName="L418-RA01" duration="00:00:00.9627337" startTime="2013-03-21T17:18:37.2372538+01:00" endTime="2013-03-21T17:18:40.5604438+01:00" testType="13cdc9d9-ddb5-4fa4-a97d-d965ccfc6d4b" outcome="Passed" testListId="8c84fa94-04c1-424b-9868-57a2d4851a1d" relativeResultsDirectory="7bf64162-7cd3-4e21-ad6b-7d94c1df7333">
    </UnitTestResult>
    <UnitTestResult executionId="64704bc0-258d-431e-8630-822376b216ba" testId="9381223e-8095-9777-a0c7-26043045171c" testName="TestMethod2" computerName="L418-RA01" duration="00:00:00.0001844" startTime="2013-03-21T17:18:40.6334480+01:00" endTime="2013-03-21T17:18:40.6674500+01:00" testType="13cdc9d9-ddb5-4fa4-a97d-d965ccfc6d4b" outcome="Passed" testListId="8c84fa94-04c1-424b-9868-57a2d4851a1d" relativeResultsDirectory="64704bc0-258d-431e-8630-822376b216ba">
    </UnitTestResult>
  </Results>
</TestRun>