<?xml version="1.0" encoding="UTF-8"?>
<TestRun id="f92e1a33-c786-47d7-8ecd-a50332ae74ab" name="Rafal@L418-RA01 2014-03-05 17:23:30" runUser="L418-RA01\Rafal" xmlns="http://microsoft.com/schemas/VisualStudio/TeamTest/2010">
  <TestSettings name="Local" id="f994a347-0513-4865-be5a-2e7bb4ccde2f">
    <Description>These are default test settings for a local test run.</Description>
    <Deployment enabled="false" runDeploymentRoot="Rafal_L418-RA01 2014-03-05 17_23_30">
      <DeploymentItem filename="C:\home\aei\BD2-proj\2014\3tier\BizLay\bin\Debug\BizLay.dll" />
      <DeploymentItem filename="C:\home\aei\BD2-proj\2014\3tier\DataLay\bin\Debug\DataLay.dll" />
    </Deployment>
    <Execution>
      <TestTypeSpecific />
      <AgentRule name="Execution Agents">
      </AgentRule>
    </Execution>
  </TestSettings>
  <Times creation="2014-03-05T17:23:30.8365955+01:00" queuing="2014-03-05T17:23:34.8788267+01:00" start="2014-03-05T17:23:35.0718377+01:00" finish="2014-03-05T17:23:40.4351445+01:00" />
  <ResultSummary outcome="Completed">
    <Counters total="2" executed="2" passed="2" error="0" failed="0" timeout="0" aborted="0" inconclusive="0" passedButRunAborted="0" notRunnable="0" notExecuted="0" disconnected="0" warning="0" completed="0" inProgress="0" pending="0" />
  </ResultSummary>
  <TestDefinitions>
    <UnitTest name="TestMethod1" storage="c:\home\aei\bd2-proj\2014\3tier\testproject1\bin\debug\testproject1.dll" id="59863143-3238-122e-4d8a-637b491cc755">
      <Execution id="7bff409d-35c6-4ad8-bea8-88619c262318" />
      <TestMethod codeBase="C:/home/aei/BD2-proj/2014/3tier/TestProject1/bin/Debug/TestProject1.DLL" adapterTypeName="Microsoft.VisualStudio.TestTools.TestTypes.Unit.UnitTestAdapter, Microsoft.VisualStudio.QualityTools.Tips.UnitTest.Adapter, Version=10.0.0.0, Culture=neutral, PublicKeyToken=b03f5f7f11d50a3a" className="TestProject1.UnitTest1, TestProject1, Version=1.0.0.0, Culture=neutral, PublicKeyToken=null" name="TestMethod1" />
    </UnitTest>
    <UnitTest name="TestMethod2" storage="c:\home\aei\bd2-proj\2014\3tier\testproject1\bin\debug\testproject1.dll" id="9381223e-8095-9777-a0c7-26043045171c">
      <Execution id="35264018-c7ae-442e-b0d6-9a268c81d65d" />
      <TestMethod codeBase="C:/home/aei/BD2-proj/2014/3tier/TestProject1/bin/Debug/TestProject1.DLL" adapterTypeName="Microsoft.VisualStudio.TestTools.TestTypes.Unit.UnitTestAdapter, Microsoft.VisualStudio.QualityTools.Tips.UnitTest.Adapter, Version=10.0.0.0, Culture=neutral, PublicKeyToken=b03f5f7f11d50a3a" className="TestProject1.UnitTest1, TestProject1, Version=1.0.0.0, Culture=neutral, PublicKeyToken=null" name="TestMethod2" />
    </UnitTest>
  </TestDefinitions>
  <TestLists>
    <TestList name="Results Not in a List" id="8c84fa94-04c1-424b-9868-57a2d4851a1d" />
    <TestList name="All Loaded Results" id="19431567-8539-422a-85d7-44ee4e166bda" />
  </TestLists>
  <TestEntries>
    <TestEntry testId="59863143-3238-122e-4d8a-637b491cc755" executionId="7bff409d-35c6-4ad8-bea8-88619c262318" testListId="8c84fa94-04c1-424b-9868-57a2d4851a1d" />
    <TestEntry testId="9381223e-8095-9777-a0c7-26043045171c" executionId="35264018-c7ae-442e-b0d6-9a268c81d65d" testListId="8c84fa94-04c1-424b-9868-57a2d4851a1d" />
  </TestEntries>
  <Results>
    <UnitTestResult executionId="7bff409d-35c6-4ad8-bea8-88619c262318" testId="59863143-3238-122e-4d8a-637b491cc755" testName="TestMethod1" computerName="L418-RA01" duration="00:00:00.7989805" startTime="2014-03-05T17:23:35.3088513+01:00" endTime="2014-03-05T17:23:38.6490423+01:00" testType="13cdc9d9-ddb5-4fa4-a97d-d965ccfc6d4b" outcome="Passed" testListId="8c84fa94-04c1-424b-9868-57a2d4851a1d" relativeResultsDirectory="7bff409d-35c6-4ad8-bea8-88619c262318">
    </UnitTestResult>
    <UnitTestResult executionId="35264018-c7ae-442e-b0d6-9a268c81d65d" testId="9381223e-8095-9777-a0c7-26043045171c" testName="TestMethod2" computerName="L418-RA01" duration="00:00:00.0002214" startTime="2014-03-05T17:23:38.6570428+01:00" endTime="2014-03-05T17:23:38.6630431+01:00" testType="13cdc9d9-ddb5-4fa4-a97d-d965ccfc6d4b" outcome="Passed" testListId="8c84fa94-04c1-424b-9868-57a2d4851a1d" relativeResultsDirectory="35264018-c7ae-442e-b0d6-9a268c81d65d">
    </UnitTestResult>
  </Results>
</TestRun>